<?xml version="1.0" encoding="UTF-8"?>
<!-- Generated by org.testng.reporters.JUnitXMLReporter -->
<testsuite ignored="0" hostname="Bharath" failures="1" tests="1" name="Surefire test" time="0.282" errors="0" timestamp="2025-07-07T18:59:48 IST">
  <testcase classname="com.orangehrm.crm.ai.AITest" name="testAIResponse" time="0.233">
    <failure type="java.lang.ExceptionInInitializerError">
      <![CDATA[java.lang.ExceptionInInitializerError
at io.restassured.authentication.NoAuthScheme.$getStaticMetaClass(NoAuthScheme.groovy)
at io.restassured.authentication.NoAuthScheme.<init>(NoAuthScheme.groovy)
at io.restassured.RestAssured.<clinit>(RestAssured.java:355)
at com.orangehrm.crm.framework.ai.commons.AICommons.getResposne(AICommons.java:15)
at com.orangehrm.crm.ai.AITest.testAIResponse(AITest.java:18)
at java.base/java.util.ArrayList.forEach(ArrayList.java:1596)
Caused by: groovy.lang.GroovyRuntimeException: Conflicting module versions. Module [groovy-xml is loaded in version 3.0.20 and you are trying to load version 4.0.22
at org.codehaus.groovy.runtime.metaclass.MetaClassRegistryImpl$DefaultModuleListener.onModule(MetaClassRegistryImpl.java:524)
at org.codehaus.groovy.runtime.m12n.ExtensionModuleScanner.scanExtensionModuleFromProperties(ExtensionModuleScanner.java:85)
at org.codehaus.groovy.runtime.m12n.ExtensionModuleScanner.scanExtensionModuleFromMetaInf(ExtensionModuleScanner.java:79)
at org.codehaus.groovy.runtime.m12n.ExtensionModuleScanner.scanClasspathModulesFrom(ExtensionModuleScanner.java:61)
at org.codehaus.groovy.runtime.m12n.ExtensionModuleScanner.scanClasspathModules(ExtensionModuleScanner.java:54)
at org.codehaus.groovy.runtime.metaclass.MetaClassRegistryImpl.<init>(MetaClassRegistryImpl.java:133)
at org.codehaus.groovy.runtime.metaclass.MetaClassRegistryImpl.<init>(MetaClassRegistryImpl.java:94)
at groovy.lang.GroovySystem.<clinit>(GroovySystem.java:37)
... 39 more
... Removed 33 stack frames]]>
    </failure>
  </testcase> <!-- testAIResponse -->
</testsuite> <!-- Surefire test -->
