<?xml version="1.0" encoding="UTF-8"?>
<!-- Generated by org.testng.reporters.JUnitXMLReporter -->
<testsuite ignored="0" hostname="Bharath" failures="6" tests="7" name="Test" time="11.195" errors="0" timestamp="2025-07-01T21:32:33 IST">
  <testcase classname="com.orangehrm.crm.application.runner.ApplicationTestRunner" name="runApplicationTests" time="0.013"/>
  <testcase classname="io.cucumber.testng.AbstractTestNGCucumberTests" name="runScenario" time="0.096">
    <failure type="io.cucumber.core.runner.DuplicateStepDefinitionException" message="Duplicate step definitions in com.orangehrm.crm.application.stepDefinitions.PageInitializer.initializePages() and com.orangehrm.crm.application.stepDefinitions.StepDefinitions.initializePages()">
      <![CDATA[io.cucumber.core.runner.DuplicateStepDefinitionException: Duplicate step definitions in com.orangehrm.crm.application.stepDefinitions.PageInitializer.initializePages() and com.orangehrm.crm.application.stepDefinitions.StepDefinitions.initializePages()
at io.cucumber.core.runner.CachingGlue.lambda$prepareGlue$3(CachingGlue.java:313)
at java.base/java.util.ArrayList.forEach(ArrayList.java:1596)
at io.cucumber.core.runner.CachingGlue.prepareGlue(CachingGlue.java:307)
at io.cucumber.core.runner.Runner.runPickle(Runner.java:73)
at io.cucumber.testng.TestNGCucumberRunner.lambda$runScenario$1(TestNGCucumberRunner.java:135)
at io.cucumber.core.runtime.CucumberExecutionContext.lambda$runTestCase$5(CucumberExecutionContext.java:136)
at io.cucumber.core.runtime.RethrowingThrowableCollector.executeAndThrow(RethrowingThrowableCollector.java:23)
at io.cucumber.core.runtime.CucumberExecutionContext.runTestCase(CucumberExecutionContext.java:136)
at io.cucumber.testng.TestNGCucumberRunner.runScenario(TestNGCucumberRunner.java:132)
at io.cucumber.testng.AbstractTestNGCucumberTests.runScenario(AbstractTestNGCucumberTests.java:35)
at java.base/java.util.ArrayList.forEach(ArrayList.java:1596)
... Removed 25 stack frames]]>
    </failure>
  </testcase> <!-- runScenario -->
  <testcase classname="io.cucumber.testng.AbstractTestNGCucumberTests" name="runScenario" time="2.692">
    <failure type="java.lang.NullPointerException" message="Cannot invoke &amp;quot;com.orangehrm.crm.application.steps.LoginPageSteps.launchApplication()&amp;quot; because &amp;quot;this.loginPage&amp;quot; is null">
      <![CDATA[java.lang.NullPointerException: Cannot invoke "com.orangehrm.crm.application.steps.LoginPageSteps.launchApplication()" because "this.loginPage" is null
at com.orangehrm.crm.application.stepDefinitions.StepDefinitions.launch_the_application(StepDefinitions.java:36)
at ✽.Launch the application(file:///C:/Training/Mar_2025_930PM/AutomationTraining/OrangeHRMCucumberFramework/Features/ApplicationTest.feature:20)
]]>
    </failure>
  </testcase> <!-- runScenario -->
  <testcase classname="io.cucumber.testng.AbstractTestNGCucumberTests" name="runScenario" time="1.906">
    <failure type="java.lang.NullPointerException" message="Cannot invoke &amp;quot;com.orangehrm.crm.application.steps.LoginPageSteps.launchApplication()&amp;quot; because &amp;quot;this.loginPage&amp;quot; is null">
      <![CDATA[java.lang.NullPointerException: Cannot invoke "com.orangehrm.crm.application.steps.LoginPageSteps.launchApplication()" because "this.loginPage" is null
at com.orangehrm.crm.application.stepDefinitions.StepDefinitions.launch_the_application(StepDefinitions.java:36)
at ✽.Launch the application(file:///C:/Training/Mar_2025_930PM/AutomationTraining/OrangeHRMCucumberFramework/Features/ApplicationTest.feature:20)
]]>
    </failure>
  </testcase> <!-- runScenario -->
  <testcase classname="io.cucumber.testng.AbstractTestNGCucumberTests" name="runScenario" time="1.658">
    <failure type="java.lang.NullPointerException" message="Cannot invoke &amp;quot;com.orangehrm.crm.application.steps.LoginPageSteps.launchApplication()&amp;quot; because &amp;quot;this.loginPage&amp;quot; is null">
      <![CDATA[java.lang.NullPointerException: Cannot invoke "com.orangehrm.crm.application.steps.LoginPageSteps.launchApplication()" because "this.loginPage" is null
at com.orangehrm.crm.application.stepDefinitions.StepDefinitions.launch_the_application(StepDefinitions.java:36)
at ✽.Launch the application(file:///C:/Training/Mar_2025_930PM/AutomationTraining/OrangeHRMCucumberFramework/Features/ApplicationTest.feature:32)
]]>
    </failure>
  </testcase> <!-- runScenario -->
  <testcase classname="io.cucumber.testng.AbstractTestNGCucumberTests" name="runScenario" time="1.773">
    <failure type="java.lang.NullPointerException" message="Cannot invoke &amp;quot;com.orangehrm.crm.application.steps.LoginPageSteps.launchApplication()&amp;quot; because &amp;quot;this.loginPage&amp;quot; is null">
      <![CDATA[java.lang.NullPointerException: Cannot invoke "com.orangehrm.crm.application.steps.LoginPageSteps.launchApplication()" because "this.loginPage" is null
at com.orangehrm.crm.application.stepDefinitions.StepDefinitions.launch_the_application(StepDefinitions.java:36)
at ✽.Launch the application(file:///C:/Training/Mar_2025_930PM/AutomationTraining/OrangeHRMCucumberFramework/Features/ApplicationTest.feature:41)
]]>
    </failure>
  </testcase> <!-- runScenario -->
  <testcase classname="io.cucumber.testng.AbstractTestNGCucumberTests" name="runScenario" time="1.742">
    <failure type="java.lang.NullPointerException" message="Cannot invoke &amp;quot;com.orangehrm.crm.application.steps.LoginPageSteps.launchApplication()&amp;quot; because &amp;quot;this.loginPage&amp;quot; is null">
      <![CDATA[java.lang.NullPointerException: Cannot invoke "com.orangehrm.crm.application.steps.LoginPageSteps.launchApplication()" because "this.loginPage" is null
at com.orangehrm.crm.application.stepDefinitions.StepDefinitions.launch_the_application(StepDefinitions.java:36)
at ✽.Launch the application(file:///C:/Training/Mar_2025_930PM/AutomationTraining/OrangeHRMCucumberFramework/Features/ApplicationTest.feature:53)
]]>
    </failure>
  </testcase> <!-- runScenario -->
</testsuite> <!-- Test -->
