<?xml version="1.0" encoding="UTF-8"?>
<testng-results ignored="0" total="1" passed="1" failed="0" skipped="0">
  <reporter-output>
  </reporter-output>
  <suite started-at="2025-07-07T21:59:35 IST" name="Default suite" finished-at="2025-07-07T21:59:39 IST" duration-ms="4491">
    <groups>
    </groups>
    <test started-at="2025-07-07T21:59:35 IST" name="Default test" finished-at="2025-07-07T21:59:39 IST" duration-ms="4491">
      <class name="com.orangehrm.crm.ai.AITest">
        <test-method signature="testAIResponse()[pri:0, instance:com.orangehrm.crm.ai.AITest@327514f]" started-at="2025-07-07T21:59:35 IST" name="testAIResponse" finished-at="2025-07-07T21:59:39 IST" duration-ms="4452" status="PASS">
          <reporter-output>
          </reporter-output>
        </test-method> <!-- testAIResponse -->
      </class> <!-- com.orangehrm.crm.ai.AITest -->
    </test> <!-- Default test -->
  </suite> <!-- Default suite -->
</testng-results>
